<?xml version="1.0" encoding="UTF-8"?>
<coverage generated="1700073396561" clover="3.2.0">
  <project timestamp="1700073396562" name="All files">
    <metrics statements="30" coveredstatements="30" conditionals="13" coveredconditionals="13" methods="2" coveredmethods="2" elements="45" coveredelements="45" complexity="0" loc="30" ncloc="30" packages="1" files="1" classes="1"/>
    <file name="parse.js" path="D:\Code\javascript\math solver\parse.js">
      <metrics statements="30" coveredstatements="30" conditionals="13" coveredconditionals="13" methods="2" coveredmethods="2"/>
      <line num="1" count="1" type="stmt"/>
      <line num="2" count="1" type="stmt"/>
      <line num="3" count="1" type="stmt"/>
      <line num="4" count="1" type="stmt"/>
      <line num="8" count="20" type="cond" truecount="2" falsecount="0"/>
      <line num="9" count="1" type="stmt"/>
      <line num="10" count="1" type="stmt"/>
      <line num="11" count="1" type="stmt"/>
      <line num="12" count="1" type="stmt"/>
      <line num="13" count="19" type="cond" truecount="2" falsecount="0"/>
      <line num="14" count="3" type="stmt"/>
      <line num="15" count="3" type="stmt"/>
      <line num="16" count="3" type="stmt"/>
      <line num="17" count="16" type="cond" truecount="2" falsecount="0"/>
      <line num="18" count="3" type="stmt"/>
      <line num="19" count="3" type="stmt"/>
      <line num="20" count="3" type="stmt"/>
      <line num="21" count="13" type="cond" truecount="2" falsecount="0"/>
      <line num="22" count="3" type="stmt"/>
      <line num="23" count="3" type="stmt"/>
      <line num="24" count="3" type="stmt"/>
      <line num="26" count="10" type="stmt"/>
      <line num="31" count="9" type="stmt"/>
      <line num="32" count="9" type="stmt"/>
      <line num="34" count="9" type="cond" truecount="5" falsecount="0"/>
      <line num="36" count="2" type="stmt"/>
      <line num="38" count="1" type="stmt"/>
      <line num="40" count="2" type="stmt"/>
      <line num="42" count="1" type="stmt"/>
      <line num="44" count="3" type="stmt"/>
    </file>
  </project>
</coverage>
