{"D:\\Code\\javascript\\math solver\\parse.js": {"path":"D:\\Code\\javascript\\math solver\\parse.js","statementMap":{"0":{"start":{"line":1,"column":26},"end":{"line":1,"column":53}},"1":{"start":{"line":2,"column":30},"end":{"line":2,"column":90}},"2":{"start":{"line":3,"column":23},"end":{"line":3,"column":79}},"3":{"start":{"line":4,"column":27},"end":{"line":4,"column":92}},"4":{"start":{"line":8,"column":4},"end":{"line":27,"column":5}},"5":{"start":{"line":9,"column":26},"end":{"line":9,"column":75}},"6":{"start":{"line":10,"column":21},"end":{"line":10,"column":39}},"7":{"start":{"line":11,"column":26},"end":{"line":11,"column":69}},"8":{"start":{"line":12,"column":6},"end":{"line":12,"column":31}},"9":{"start":{"line":13,"column":11},"end":{"line":27,"column":5}},"10":{"start":{"line":14,"column":21},"end":{"line":14,"column":70}},"11":{"start":{"line":15,"column":26},"end":{"line":15,"column":66}},"12":{"start":{"line":16,"column":6},"end":{"line":16,"column":31}},"13":{"start":{"line":17,"column":11},"end":{"line":27,"column":5}},"14":{"start":{"line":18,"column":21},"end":{"line":18,"column":77}},"15":{"start":{"line":19,"column":26},"end":{"line":19,"column":73}},"16":{"start":{"line":20,"column":6},"end":{"line":20,"column":31}},"17":{"start":{"line":21,"column":11},"end":{"line":27,"column":5}},"18":{"start":{"line":22,"column":21},"end":{"line":22,"column":74}},"19":{"start":{"line":23,"column":26},"end":{"line":23,"column":70}},"20":{"start":{"line":24,"column":6},"end":{"line":24,"column":31}},"21":{"start":{"line":26,"column":6},"end":{"line":26,"column":33}},"22":{"start":{"line":31,"column":20},"end":{"line":31,"column":40}},"23":{"start":{"line":32,"column":20},"end":{"line":32,"column":40}},"24":{"start":{"line":34,"column":4},"end":{"line":45,"column":5}},"25":{"start":{"line":36,"column":8},"end":{"line":36,"column":32}},"26":{"start":{"line":38,"column":8},"end":{"line":38,"column":32}},"27":{"start":{"line":40,"column":8},"end":{"line":40,"column":32}},"28":{"start":{"line":42,"column":8},"end":{"line":42,"column":32}},"29":{"start":{"line":44,"column":8},"end":{"line":44,"column":33}}},"fnMap":{"0":{"name":"parse","decl":{"start":{"line":7,"column":24},"end":{"line":7,"column":29}},"loc":{"start":{"line":7,"column":40},"end":{"line":28,"column":3}},"line":7},"1":{"name":"handleMath","decl":{"start":{"line":30,"column":11},"end":{"line":30,"column":21}},"loc":{"start":{"line":30,"column":57},"end":{"line":46,"column":3}},"line":30}},"branchMap":{"0":{"loc":{"start":{"line":8,"column":4},"end":{"line":27,"column":5}},"type":"if","locations":[{"start":{"line":8,"column":4},"end":{"line":27,"column":5}},{"start":{"line":13,"column":11},"end":{"line":27,"column":5}}],"line":8},"1":{"loc":{"start":{"line":13,"column":11},"end":{"line":27,"column":5}},"type":"if","locations":[{"start":{"line":13,"column":11},"end":{"line":27,"column":5}},{"start":{"line":17,"column":11},"end":{"line":27,"column":5}}],"line":13},"2":{"loc":{"start":{"line":17,"column":11},"end":{"line":27,"column":5}},"type":"if","locations":[{"start":{"line":17,"column":11},"end":{"line":27,"column":5}},{"start":{"line":21,"column":11},"end":{"line":27,"column":5}}],"line":17},"3":{"loc":{"start":{"line":21,"column":11},"end":{"line":27,"column":5}},"type":"if","locations":[{"start":{"line":21,"column":11},"end":{"line":27,"column":5}},{"start":{"line":25,"column":11},"end":{"line":27,"column":5}}],"line":21},"4":{"loc":{"start":{"line":34,"column":4},"end":{"line":45,"column":5}},"type":"switch","locations":[{"start":{"line":35,"column":6},"end":{"line":36,"column":32}},{"start":{"line":37,"column":6},"end":{"line":38,"column":32}},{"start":{"line":39,"column":6},"end":{"line":40,"column":32}},{"start":{"line":41,"column":6},"end":{"line":42,"column":32}},{"start":{"line":43,"column":6},"end":{"line":44,"column":33}}],"line":34}},"s":{"0":1,"1":1,"2":1,"3":1,"4":20,"5":1,"6":1,"7":1,"8":1,"9":19,"10":3,"11":3,"12":3,"13":16,"14":3,"15":3,"16":3,"17":13,"18":3,"19":3,"20":3,"21":10,"22":9,"23":9,"24":9,"25":2,"26":1,"27":2,"28":1,"29":3},"f":{"0":20,"1":9},"b":{"0":[1,19],"1":[3,16],"2":[3,13],"3":[3,10],"4":[2,1,2,1,3]},"_coverageSchema":"1a1c01bbd47fc00a2c39e90264f33305004495a9","hash":"1da46d4dd6ed006cb38e1799f77694c5e29f112d"}
}
