TN:
SF:parse.js
FN:7,parse
FN:30,handleMath
FNF:2
FNH:2
FNDA:20,parse
FNDA:9,handleMath
DA:1,1
DA:2,1
DA:3,1
DA:4,1
DA:8,20
DA:9,1
DA:10,1
DA:11,1
DA:12,1
DA:13,19
DA:14,3
DA:15,3
DA:16,3
DA:17,16
DA:18,3
DA:19,3
DA:20,3
DA:21,13
DA:22,3
DA:23,3
DA:24,3
DA:26,10
DA:31,9
DA:32,9
DA:34,9
DA:36,2
DA:38,1
DA:40,2
DA:42,1
DA:44,3
LF:30
LH:30
BRDA:8,0,0,1
BRDA:8,0,1,19
BRDA:13,1,0,3
BRDA:13,1,1,16
BRDA:17,2,0,3
BRDA:17,2,1,13
BRDA:21,3,0,3
BRDA:21,3,1,10
BRDA:34,4,0,2
BRDA:34,4,1,1
BRDA:34,4,2,2
BRDA:34,4,3,1
BRDA:34,4,4,3
BRF:13
BRH:13
end_of_record
